<?xml version="1.0" encoding="UTF-8"?>
<testsuite name="StudentTest" tests="6" skipped="0" failures="0" errors="0" timestamp="2016-05-17T20:33:10" hostname="epicodus-78.local" time="0.225">
  <properties/>
  <testcase name="equals_returnsTrueIfDescriptionsAretheSame" classname="StudentTest" time="0.077"/>
  <testcase name="find_returnsCorrectStudentSearchedFor_Student" classname="StudentTest" time="0.04"/>
  <testcase name="save_returnsTrueIfNamesAretheSame_Student" classname="StudentTest" time="0.018"/>
  <testcase name="_1" classname="StudentTest" time="0.078"/>
  <testcase name="getCreatedAtAndgetUpdatedAt_returnTimestamps_hours" classname="StudentTest" time="0.005"/>
  <testcase name="Student_instantiatesCorrectly_true" classname="StudentTest" time="0.007"/>
  <system-out><![CDATA[]]></system-out>
  <system-err><![CDATA[]]></system-err>
</testsuite>
